<?xml version="1.0" encoding="UTF-8"?>
<testng-results skipped="0" failed="0" ignored="0" total="1" passed="1">
  <reporter-output>
  </reporter-output>
  <suite name="Default suite" duration-ms="40" started-at="2020-04-09T15:57:55Z" finished-at="2020-04-09T15:57:55Z">
    <groups>
    </groups>
    <test name="Default test" duration-ms="40" started-at="2020-04-09T15:57:55Z" finished-at="2020-04-09T15:57:55Z">
      <class name="Hello.Hello.Open">
        <test-method status="PASS" signature="m1()[pri:0, instance:Hello.Hello.Open@319b92f3]" name="m1" is-config="true" duration-ms="10" started-at="2020-04-09T15:57:55Z" finished-at="2020-04-09T15:57:55Z">
          <reporter-output>
          </reporter-output>
        </test-method> <!-- m1 -->
        <test-method status="PASS" signature="hello()[pri:0, instance:Hello.Hello.Open@319b92f3]" name="hello" duration-ms="6" started-at="2020-04-09T15:57:55Z" finished-at="2020-04-09T15:57:55Z">
          <reporter-output>
          </reporter-output>
        </test-method> <!-- hello -->
      </class> <!-- Hello.Hello.Open -->
    </test> <!-- Default test -->
  </suite> <!-- Default suite -->
</testng-results>
